<?xml version="1.0" encoding="UTF-8"?>
<!-- Generated by org.testng.reporters.JUnitReportReporter -->
<testsuite skipped="0" hostname="DESKTOP-QBO3JRR" name="day1.HttpRequests" tests="3" failures="0" timestamp="2023-03-14T17:48:02 EDT" time="2.558" errors="0">
  <testcase name="getUser" time="1.563" classname="day1.HttpRequests"/>
  <system-out/>
  <testcase name="getUserId" time="0.278" classname="day1.HttpRequests"/>
  <system-out/>
  <testcase name="getUserDetail" time="0.717" classname="day1.HttpRequests"/>
  <system-out/>
</testsuite> <!-- day1.HttpRequests -->
