<?xml version="1.0" encoding="UTF-8"?>
<!-- Generated by org.testng.reporters.JUnitReportReporter -->
<testsuite skipped="0" hostname="DESKTOP-QBO3JRR" name="day2.WaysToCreatePostRequestBody" tests="1" failures="0" timestamp="2023-03-14T17:48:22 EDT" time="1.925" errors="0">
  <testcase name="testPostUsingHashmap" time="1.925" classname="day2.WaysToCreatePostRequestBody"/>
  <system-out/>
</testsuite> <!-- day2.WaysToCreatePostRequestBody -->
